1724367392.895555 client started (20621): version 3.4, socket /tmp/tmux-1000/default, protocol 8
1724367392.895577 on Linux 6.8.0-40-generic #40-Ubuntu SMP PREEMPT_DYNAMIC Fri Jul  5 10:34:03 UTC 2024
1724367392.895579 using libevent 2.1.12-stable poll
1724367392.895580 using ncurses 6.4 20240113
1724367392.895588 flags are 0x10010000
1724367392.895594 socket is /tmp/tmux-1000/default
1724367392.895602 trying connect
1724367392.895645 add peer 0x646d36fdbc00: 6 ((nil))
1724367392.895817 sending message 100 to peer 0x646d36fdbc00 (4 bytes)
1724367392.895820 sending message 111 to peer 0x646d36fdbc00 (8 bytes)
1724367392.895821 sending message 101 to peer 0x646d36fdbc00 (14 bytes)
1724367392.895823 sending message 109 to peer 0x646d36fdbc00 (4 bytes)
1724367392.895824 sending message 102 to peer 0x646d36fdbc00 (11 bytes)
1724367392.895827 sending message 108 to peer 0x646d36fdbc00 (42 bytes)
1724367392.895830 sending message 112 to peer 0x646d36fdbc00 (70 bytes)
1724367392.895831 sending message 112 to peer 0x646d36fdbc00 (5 bytes)
1724367392.895833 sending message 112 to peer 0x646d36fdbc00 (5 bytes)
1724367392.895834 sending message 112 to peer 0x646d36fdbc00 (6 bytes)
1724367392.895840 sending message 112 to peer 0x646d36fdbc00 (6 bytes)
1724367392.895841 sending message 112 to peer 0x646d36fdbc00 (11 bytes)
1724367392.895843 sending message 112 to peer 0x646d36fdbc00 (10 bytes)
1724367392.895844 sending message 112 to peer 0x646d36fdbc00 (13 bytes)
1724367392.895845 sending message 112 to peer 0x646d36fdbc00 (13 bytes)
1724367392.895847 sending message 112 to peer 0x646d36fdbc00 (18 bytes)
1724367392.895848 sending message 112 to peer 0x646d36fdbc00 (11 bytes)
1724367392.895849 sending message 112 to peer 0x646d36fdbc00 (10 bytes)
1724367392.895851 sending message 112 to peer 0x646d36fdbc00 (15 bytes)
1724367392.895852 sending message 112 to peer 0x646d36fdbc00 (21 bytes)
1724367392.895853 sending message 112 to peer 0x646d36fdbc00 (13 bytes)
1724367392.895855 sending message 112 to peer 0x646d36fdbc00 (7 bytes)
1724367392.895856 sending message 112 to peer 0x646d36fdbc00 (13 bytes)
1724367392.895857 sending message 112 to peer 0x646d36fdbc00 (7 bytes)
1724367392.895859 sending message 112 to peer 0x646d36fdbc00 (13 bytes)
1724367392.895860 sending message 112 to peer 0x646d36fdbc00 (9 bytes)
1724367392.895862 sending message 112 to peer 0x646d36fdbc00 (21 bytes)
1724367392.895863 sending message 112 to peer 0x646d36fdbc00 (13 bytes)
1724367392.895864 sending message 112 to peer 0x646d36fdbc00 (8 bytes)
1724367392.895866 sending message 112 to peer 0x646d36fdbc00 (12 bytes)
1724367392.895867 sending message 112 to peer 0x646d36fdbc00 (13 bytes)
1724367392.895868 sending message 112 to peer 0x646d36fdbc00 (9 bytes)
1724367392.895870 sending message 112 to peer 0x646d36fdbc00 (9 bytes)
1724367392.895871 sending message 112 to peer 0x646d36fdbc00 (12 bytes)
1724367392.895872 sending message 112 to peer 0x646d36fdbc00 (8 bytes)
1724367392.895874 sending message 112 to peer 0x646d36fdbc00 (8 bytes)
1724367392.895875 sending message 112 to peer 0x646d36fdbc00 (7 bytes)
1724367392.895876 sending message 112 to peer 0x646d36fdbc00 (7 bytes)
1724367392.895878 sending message 112 to peer 0x646d36fdbc00 (9 bytes)
1724367392.895879 sending message 112 to peer 0x646d36fdbc00 (13 bytes)
1724367392.895881 sending message 112 to peer 0x646d36fdbc00 (6 bytes)
1724367392.895882 sending message 112 to peer 0x646d36fdbc00 (9 bytes)
1724367392.895883 sending message 112 to peer 0x646d36fdbc00 (15 bytes)
1724367392.895885 sending message 112 to peer 0x646d36fdbc00 (13 bytes)
1724367392.895886 sending message 112 to peer 0x646d36fdbc00 (12 bytes)
1724367392.895887 sending message 112 to peer 0x646d36fdbc00 (8 bytes)
1724367392.895889 sending message 112 to peer 0x646d36fdbc00 (14 bytes)
1724367392.895890 sending message 112 to peer 0x646d36fdbc00 (11 bytes)
1724367392.895892 sending message 112 to peer 0x646d36fdbc00 (9 bytes)
1724367392.895893 sending message 112 to peer 0x646d36fdbc00 (10 bytes)
1724367392.895894 sending message 112 to peer 0x646d36fdbc00 (10 bytes)
1724367392.895911 sending message 112 to peer 0x646d36fdbc00 (10 bytes)
1724367392.895912 sending message 112 to peer 0x646d36fdbc00 (10 bytes)
1724367392.895914 sending message 112 to peer 0x646d36fdbc00 (11 bytes)
1724367392.895915 sending message 112 to peer 0x646d36fdbc00 (12 bytes)
1724367392.895917 sending message 112 to peer 0x646d36fdbc00 (12 bytes)
1724367392.895918 sending message 112 to peer 0x646d36fdbc00 (12 bytes)
1724367392.895919 sending message 112 to peer 0x646d36fdbc00 (12 bytes)
1724367392.895921 sending message 112 to peer 0x646d36fdbc00 (12 bytes)
1724367392.895922 sending message 112 to peer 0x646d36fdbc00 (11 bytes)
1724367392.895923 sending message 112 to peer 0x646d36fdbc00 (11 bytes)
1724367392.895925 sending message 112 to peer 0x646d36fdbc00 (12 bytes)
1724367392.895926 sending message 112 to peer 0x646d36fdbc00 (12 bytes)
1724367392.895928 sending message 112 to peer 0x646d36fdbc00 (12 bytes)
1724367392.895929 sending message 112 to peer 0x646d36fdbc00 (12 bytes)
1724367392.895930 sending message 112 to peer 0x646d36fdbc00 (12 bytes)
1724367392.895932 sending message 112 to peer 0x646d36fdbc00 (10 bytes)
1724367392.895933 sending message 112 to peer 0x646d36fdbc00 (12 bytes)
1724367392.895935 sending message 112 to peer 0x646d36fdbc00 (13 bytes)
1724367392.895936 sending message 112 to peer 0x646d36fdbc00 (13 bytes)
1724367392.895937 sending message 112 to peer 0x646d36fdbc00 (13 bytes)
1724367392.895939 sending message 112 to peer 0x646d36fdbc00 (13 bytes)
1724367392.895940 sending message 112 to peer 0x646d36fdbc00 (13 bytes)
1724367392.895942 sending message 112 to peer 0x646d36fdbc00 (8 bytes)
1724367392.895943 sending message 112 to peer 0x646d36fdbc00 (11 bytes)
1724367392.895944 sending message 112 to peer 0x646d36fdbc00 (11 bytes)
1724367392.895946 sending message 112 to peer 0x646d36fdbc00 (11 bytes)
1724367392.895947 sending message 112 to peer 0x646d36fdbc00 (12 bytes)
1724367392.895949 sending message 112 to peer 0x646d36fdbc00 (12 bytes)
1724367392.895950 sending message 112 to peer 0x646d36fdbc00 (12 bytes)
1724367392.895951 sending message 112 to peer 0x646d36fdbc00 (12 bytes)
1724367392.895953 sending message 112 to peer 0x646d36fdbc00 (13 bytes)
1724367392.895954 sending message 112 to peer 0x646d36fdbc00 (13 bytes)
1724367392.895955 sending message 112 to peer 0x646d36fdbc00 (13 bytes)
1724367392.895957 sending message 112 to peer 0x646d36fdbc00 (8 bytes)
1724367392.895958 sending message 112 to peer 0x646d36fdbc00 (13 bytes)
1724367392.895960 sending message 112 to peer 0x646d36fdbc00 (13 bytes)
1724367392.895961 sending message 112 to peer 0x646d36fdbc00 (13 bytes)
1724367392.895962 sending message 112 to peer 0x646d36fdbc00 (13 bytes)
1724367392.895964 sending message 112 to peer 0x646d36fdbc00 (13 bytes)
1724367392.895965 sending message 112 to peer 0x646d36fdbc00 (12 bytes)
1724367392.895967 sending message 112 to peer 0x646d36fdbc00 (12 bytes)
1724367392.895968 sending message 112 to peer 0x646d36fdbc00 (12 bytes)
1724367392.895969 sending message 112 to peer 0x646d36fdbc00 (12 bytes)
1724367392.895971 sending message 112 to peer 0x646d36fdbc00 (13 bytes)
1724367392.895972 sending message 112 to peer 0x646d36fdbc00 (8 bytes)
1724367392.895973 sending message 112 to peer 0x646d36fdbc00 (13 bytes)
1724367392.895975 sending message 112 to peer 0x646d36fdbc00 (13 bytes)
1724367392.895976 sending message 112 to peer 0x646d36fdbc00 (13 bytes)
1724367392.895978 sending message 112 to peer 0x646d36fdbc00 (13 bytes)
1724367392.895979 sending message 112 to peer 0x646d36fdbc00 (13 bytes)
1724367392.895980 sending message 112 to peer 0x646d36fdbc00 (13 bytes)
1724367392.895982 sending message 112 to peer 0x646d36fdbc00 (13 bytes)
1724367392.895983 sending message 112 to peer 0x646d36fdbc00 (12 bytes)
1724367392.895985 sending message 112 to peer 0x646d36fdbc00 (12 bytes)
1724367392.895986 sending message 112 to peer 0x646d36fdbc00 (12 bytes)
1724367392.895987 sending message 112 to peer 0x646d36fdbc00 (8 bytes)
1724367392.895989 sending message 112 to peer 0x646d36fdbc00 (12 bytes)
1724367392.895993 sending message 112 to peer 0x646d36fdbc00 (13 bytes)
1724367392.895994 sending message 112 to peer 0x646d36fdbc00 (13 bytes)
1724367392.895996 sending message 112 to peer 0x646d36fdbc00 (13 bytes)
1724367392.895997 sending message 112 to peer 0x646d36fdbc00 (13 bytes)
1724367392.895998 sending message 112 to peer 0x646d36fdbc00 (13 bytes)
1724367392.896000 sending message 112 to peer 0x646d36fdbc00 (13 bytes)
1724367392.896001 sending message 112 to peer 0x646d36fdbc00 (13 bytes)
1724367392.896002 sending message 112 to peer 0x646d36fdbc00 (13 bytes)
1724367392.896004 sending message 112 to peer 0x646d36fdbc00 (12 bytes)
1724367392.896005 sending message 112 to peer 0x646d36fdbc00 (10 bytes)
1724367392.896007 sending message 112 to peer 0x646d36fdbc00 (12 bytes)
1724367392.896008 sending message 112 to peer 0x646d36fdbc00 (12 bytes)
1724367392.896009 sending message 112 to peer 0x646d36fdbc00 (12 bytes)
1724367392.896011 sending message 112 to peer 0x646d36fdbc00 (13 bytes)
1724367392.896012 sending message 112 to peer 0x646d36fdbc00 (13 bytes)
1724367392.896014 sending message 112 to peer 0x646d36fdbc00 (13 bytes)
1724367392.896015 sending message 112 to peer 0x646d36fdbc00 (13 bytes)
1724367392.896016 sending message 112 to peer 0x646d36fdbc00 (13 bytes)
1724367392.896018 sending message 112 to peer 0x646d36fdbc00 (13 bytes)
1724367392.896019 sending message 112 to peer 0x646d36fdbc00 (13 bytes)
1724367392.896020 sending message 112 to peer 0x646d36fdbc00 (10 bytes)
1724367392.896022 sending message 112 to peer 0x646d36fdbc00 (13 bytes)
1724367392.896023 sending message 112 to peer 0x646d36fdbc00 (12 bytes)
1724367392.896025 sending message 112 to peer 0x646d36fdbc00 (12 bytes)
1724367392.896026 sending message 112 to peer 0x646d36fdbc00 (12 bytes)
1724367392.896027 sending message 112 to peer 0x646d36fdbc00 (10 bytes)
1724367392.896029 sending message 112 to peer 0x646d36fdbc00 (10 bytes)
1724367392.896030 sending message 112 to peer 0x646d36fdbc00 (10 bytes)
1724367392.896032 sending message 112 to peer 0x646d36fdbc00 (12 bytes)
1724367392.896033 sending message 112 to peer 0x646d36fdbc00 (13 bytes)
1724367392.896034 sending message 112 to peer 0x646d36fdbc00 (13 bytes)
1724367392.896036 sending message 112 to peer 0x646d36fdbc00 (13 bytes)
1724367392.896037 sending message 112 to peer 0x646d36fdbc00 (13 bytes)
1724367392.896038 sending message 112 to peer 0x646d36fdbc00 (13 bytes)
1724367392.896040 sending message 112 to peer 0x646d36fdbc00 (11 bytes)
1724367392.896041 sending message 112 to peer 0x646d36fdbc00 (11 bytes)
1724367392.896043 sending message 112 to peer 0x646d36fdbc00 (12 bytes)
1724367392.896044 sending message 112 to peer 0x646d36fdbc00 (12 bytes)
1724367392.896045 sending message 112 to peer 0x646d36fdbc00 (12 bytes)
1724367392.896047 sending message 112 to peer 0x646d36fdbc00 (12 bytes)
1724367392.896048 sending message 112 to peer 0x646d36fdbc00 (12 bytes)
1724367392.896050 sending message 112 to peer 0x646d36fdbc00 (11 bytes)
1724367392.896051 sending message 112 to peer 0x646d36fdbc00 (12 bytes)
1724367392.896052 sending message 112 to peer 0x646d36fdbc00 (12 bytes)
1724367392.896054 sending message 112 to peer 0x646d36fdbc00 (13 bytes)
1724367392.896055 sending message 112 to peer 0x646d36fdbc00 (13 bytes)
1724367392.896056 sending message 112 to peer 0x646d36fdbc00 (13 bytes)
1724367392.896058 sending message 112 to peer 0x646d36fdbc00 (13 bytes)
1724367392.896059 sending message 112 to peer 0x646d36fdbc00 (13 bytes)
1724367392.896061 sending message 112 to peer 0x646d36fdbc00 (10 bytes)
1724367392.896062 sending message 112 to peer 0x646d36fdbc00 (9 bytes)
1724367392.896063 sending message 112 to peer 0x646d36fdbc00 (12 bytes)
1724367392.896065 sending message 112 to peer 0x646d36fdbc00 (13 bytes)
1724367392.896066 sending message 112 to peer 0x646d36fdbc00 (13 bytes)
1724367392.896067 sending message 112 to peer 0x646d36fdbc00 (13 bytes)
1724367392.896069 sending message 112 to peer 0x646d36fdbc00 (13 bytes)
1724367392.896070 sending message 112 to peer 0x646d36fdbc00 (13 bytes)
1724367392.896074 sending message 112 to peer 0x646d36fdbc00 (9 bytes)
1724367392.896075 sending message 112 to peer 0x646d36fdbc00 (12 bytes)
1724367392.896077 sending message 112 to peer 0x646d36fdbc00 (13 bytes)
1724367392.896078 sending message 112 to peer 0x646d36fdbc00 (13 bytes)
1724367392.896079 sending message 112 to peer 0x646d36fdbc00 (13 bytes)
1724367392.896081 sending message 112 to peer 0x646d36fdbc00 (13 bytes)
1724367392.896082 sending message 112 to peer 0x646d36fdbc00 (13 bytes)
1724367392.896083 sending message 112 to peer 0x646d36fdbc00 (11 bytes)
1724367392.896085 sending message 112 to peer 0x646d36fdbc00 (12 bytes)
1724367392.896086 sending message 112 to peer 0x646d36fdbc00 (13 bytes)
1724367392.896087 sending message 112 to peer 0x646d36fdbc00 (13 bytes)
1724367392.896089 sending message 112 to peer 0x646d36fdbc00 (13 bytes)
1724367392.896090 sending message 112 to peer 0x646d36fdbc00 (13 bytes)
1724367392.896092 sending message 112 to peer 0x646d36fdbc00 (13 bytes)
1724367392.896093 sending message 112 to peer 0x646d36fdbc00 (11 bytes)
1724367392.896094 sending message 112 to peer 0x646d36fdbc00 (12 bytes)
1724367392.896096 sending message 112 to peer 0x646d36fdbc00 (12 bytes)
1724367392.896097 sending message 112 to peer 0x646d36fdbc00 (12 bytes)
1724367392.896099 sending message 112 to peer 0x646d36fdbc00 (12 bytes)
1724367392.896100 sending message 112 to peer 0x646d36fdbc00 (12 bytes)
1724367392.896102 sending message 112 to peer 0x646d36fdbc00 (21 bytes)
1724367392.896103 sending message 112 to peer 0x646d36fdbc00 (12 bytes)
1724367392.896104 sending message 112 to peer 0x646d36fdbc00 (9 bytes)
1724367392.896106 sending message 112 to peer 0x646d36fdbc00 (6 bytes)
1724367392.896107 sending message 112 to peer 0x646d36fdbc00 (13 bytes)
1724367392.896109 sending message 112 to peer 0x646d36fdbc00 (8 bytes)
1724367392.896110 sending message 112 to peer 0x646d36fdbc00 (15 bytes)
1724367392.896112 sending message 112 to peer 0x646d36fdbc00 (13 bytes)
1724367392.896113 sending message 112 to peer 0x646d36fdbc00 (9 bytes)
1724367392.896115 sending message 112 to peer 0x646d36fdbc00 (70 bytes)
1724367392.896116 sending message 112 to peer 0x646d36fdbc00 (69 bytes)
1724367392.896117 sending message 112 to peer 0x646d36fdbc00 (10 bytes)
1724367392.896119 sending message 112 to peer 0x646d36fdbc00 (10 bytes)
1724367392.896120 sending message 112 to peer 0x646d36fdbc00 (8 bytes)
1724367392.896122 sending message 112 to peer 0x646d36fdbc00 (15 bytes)
1724367392.896123 sending message 112 to peer 0x646d36fdbc00 (13 bytes)
1724367392.896124 sending message 112 to peer 0x646d36fdbc00 (10 bytes)
1724367392.896126 sending message 112 to peer 0x646d36fdbc00 (10 bytes)
1724367392.896127 sending message 112 to peer 0x646d36fdbc00 (17 bytes)
1724367392.896129 sending message 112 to peer 0x646d36fdbc00 (10 bytes)
1724367392.896130 sending message 112 to peer 0x646d36fdbc00 (13 bytes)
1724367392.896132 sending message 112 to peer 0x646d36fdbc00 (9 bytes)
1724367392.896133 sending message 112 to peer 0x646d36fdbc00 (5 bytes)
1724367392.896135 sending message 112 to peer 0x646d36fdbc00 (15 bytes)
1724367392.896136 sending message 104 to peer 0x646d36fdbc00 (0 bytes)
1724367392.896138 sending message 110 to peer 0x646d36fdbc00 (0 bytes)
1724367392.896140 sending message 107 to peer 0x646d36fdbc00 (4 bytes)
1724367392.896141 sending message 105 to peer 0x646d36fdbc00 (16 bytes)
1724367392.896143 sending message 105 to peer 0x646d36fdbc00 (92 bytes)
1724367392.896144 sending message 105 to peer 0x646d36fdbc00 (19 bytes)
1724367392.896146 sending message 105 to peer 0x646d36fdbc00 (20 bytes)
1724367392.896147 sending message 105 to peer 0x646d36fdbc00 (45 bytes)
1724367392.896149 sending message 105 to peer 0x646d36fdbc00 (23 bytes)
1724367392.896150 sending message 105 to peer 0x646d36fdbc00 (25 bytes)
1724367392.896152 sending message 105 to peer 0x646d36fdbc00 (44 bytes)
1724367392.896153 sending message 105 to peer 0x646d36fdbc00 (36 bytes)
1724367392.896155 sending message 105 to peer 0x646d36fdbc00 (32 bytes)
1724367392.896158 sending message 105 to peer 0x646d36fdbc00 (41 bytes)
1724367392.896160 sending message 105 to peer 0x646d36fdbc00 (51 bytes)
1724367392.896161 sending message 105 to peer 0x646d36fdbc00 (20 bytes)
1724367392.896162 sending message 105 to peer 0x646d36fdbc00 (23 bytes)
1724367392.896164 sending message 105 to peer 0x646d36fdbc00 (28 bytes)
1724367392.896165 sending message 105 to peer 0x646d36fdbc00 (46 bytes)
1724367392.896167 sending message 105 to peer 0x646d36fdbc00 (27 bytes)
1724367392.896168 sending message 105 to peer 0x646d36fdbc00 (13 bytes)
1724367392.896170 sending message 105 to peer 0x646d36fdbc00 (21 bytes)
1724367392.896171 sending message 105 to peer 0x646d36fdbc00 (39 bytes)
1724367392.896173 sending message 105 to peer 0x646d36fdbc00 (52 bytes)
1724367392.896174 sending message 105 to peer 0x646d36fdbc00 (22 bytes)
1724367392.896175 sending message 105 to peer 0x646d36fdbc00 (41 bytes)
1724367392.896177 sending message 105 to peer 0x646d36fdbc00 (13 bytes)
1724367392.896178 sending message 105 to peer 0x646d36fdbc00 (16 bytes)
1724367392.896180 sending message 105 to peer 0x646d36fdbc00 (14 bytes)
1724367392.896181 sending message 105 to peer 0x646d36fdbc00 (17 bytes)
1724367392.896183 sending message 105 to peer 0x646d36fdbc00 (1817 bytes)
1724367392.896190 sending message 105 to peer 0x646d36fdbc00 (33 bytes)
1724367392.896191 sending message 105 to peer 0x646d36fdbc00 (140 bytes)
1724367392.896193 sending message 105 to peer 0x646d36fdbc00 (17 bytes)
1724367392.896194 sending message 105 to peer 0x646d36fdbc00 (86 bytes)
1724367392.896196 sending message 105 to peer 0x646d36fdbc00 (34 bytes)
1724367392.896197 sending message 105 to peer 0x646d36fdbc00 (23 bytes)
1724367392.896199 sending message 105 to peer 0x646d36fdbc00 (19 bytes)
1724367392.896200 sending message 105 to peer 0x646d36fdbc00 (32 bytes)
1724367392.896201 sending message 105 to peer 0x646d36fdbc00 (10 bytes)
1724367392.896203 sending message 105 to peer 0x646d36fdbc00 (13 bytes)
1724367392.896204 sending message 105 to peer 0x646d36fdbc00 (30 bytes)
1724367392.896206 sending message 105 to peer 0x646d36fdbc00 (11 bytes)
1724367392.896207 sending message 105 to peer 0x646d36fdbc00 (8 bytes)
1724367392.896209 sending message 105 to peer 0x646d36fdbc00 (35 bytes)
1724367392.896210 sending message 105 to peer 0x646d36fdbc00 (18 bytes)
1724367392.896212 sending message 105 to peer 0x646d36fdbc00 (31 bytes)
1724367392.896213 sending message 105 to peer 0x646d36fdbc00 (47 bytes)
1724367392.896214 sending message 105 to peer 0x646d36fdbc00 (102 bytes)
1724367392.896216 sending message 105 to peer 0x646d36fdbc00 (143 bytes)
1724367392.896217 sending message 105 to peer 0x646d36fdbc00 (18 bytes)
1724367392.896219 sending message 105 to peer 0x646d36fdbc00 (54 bytes)
1724367392.896220 sending message 105 to peer 0x646d36fdbc00 (18 bytes)
1724367392.896222 sending message 105 to peer 0x646d36fdbc00 (18 bytes)
1724367392.896223 sending message 105 to peer 0x646d36fdbc00 (16 bytes)
1724367392.896225 sending message 106 to peer 0x646d36fdbc00 (0 bytes)
1724367392.896249 sending message 200 to peer 0x646d36fdbc00 (4 bytes)
1724367392.896251 client loop enter
1724367392.896467 peer 0x646d36fdbc00 message 303
1724367392.896471 open write file 2 -
1724367392.896475 sending message 305 to peer 0x646d36fdbc00 (8 bytes)
1724367392.896480 write check file 2
1724367392.896541 peer 0x646d36fdbc00 message 304
1724367392.896543 write 58 to file 2
1724367392.896545 peer 0x646d36fdbc00 message 203
1724367392.896547 file 2 58 bytes left
1724367392.896552 write check file 2
1724367392.896554 client loop exit
