1724367421.236260 client started (20635): version 3.4, socket /tmp/tmux-1000/default, protocol 8
1724367421.236276 on Linux 6.8.0-40-generic #40-Ubuntu SMP PREEMPT_DYNAMIC Fri Jul  5 10:34:03 UTC 2024
1724367421.236278 using libevent 2.1.12-stable poll
1724367421.236279 using ncurses 6.4 20240113
1724367421.236288 flags are 0x18010000
1724367421.236295 socket is /tmp/tmux-1000/default
1724367421.236303 trying connect
1724367421.236311 connect failed: Connection refused
1724367421.236315 lock file is /tmp/tmux-1000/default.lock
1724367421.236333 flock succeeded
1724367421.236335 got lock (6)
1724367421.236339 trying connect
1724367421.236343 connect failed: Connection refused
1724367421.236523 add peer 0x5d8b92f3eca0: 7 ((nil))
1724367421.236741 sending message 100 to peer 0x5d8b92f3eca0 (4 bytes)
1724367421.236744 sending message 111 to peer 0x5d8b92f3eca0 (8 bytes)
1724367421.236746 sending message 101 to peer 0x5d8b92f3eca0 (15 bytes)
1724367421.236747 sending message 109 to peer 0x5d8b92f3eca0 (4 bytes)
1724367421.236748 sending message 102 to peer 0x5d8b92f3eca0 (11 bytes)
1724367421.236750 sending message 108 to peer 0x5d8b92f3eca0 (42 bytes)
1724367421.236751 sending message 112 to peer 0x5d8b92f3eca0 (58 bytes)
1724367421.236753 sending message 112 to peer 0x5d8b92f3eca0 (5 bytes)
1724367421.236754 sending message 112 to peer 0x5d8b92f3eca0 (5 bytes)
1724367421.236756 sending message 112 to peer 0x5d8b92f3eca0 (6 bytes)
1724367421.236757 sending message 112 to peer 0x5d8b92f3eca0 (6 bytes)
1724367421.236758 sending message 112 to peer 0x5d8b92f3eca0 (11 bytes)
1724367421.236760 sending message 112 to peer 0x5d8b92f3eca0 (10 bytes)
1724367421.236761 sending message 112 to peer 0x5d8b92f3eca0 (13 bytes)
1724367421.236763 sending message 112 to peer 0x5d8b92f3eca0 (14 bytes)
1724367421.236764 sending message 112 to peer 0x5d8b92f3eca0 (19 bytes)
1724367421.236765 sending message 112 to peer 0x5d8b92f3eca0 (11 bytes)
1724367421.236767 sending message 112 to peer 0x5d8b92f3eca0 (10 bytes)
1724367421.236768 sending message 112 to peer 0x5d8b92f3eca0 (15 bytes)
1724367421.236769 sending message 112 to peer 0x5d8b92f3eca0 (21 bytes)
1724367421.236771 sending message 112 to peer 0x5d8b92f3eca0 (13 bytes)
1724367421.236772 sending message 112 to peer 0x5d8b92f3eca0 (7 bytes)
1724367421.236774 sending message 112 to peer 0x5d8b92f3eca0 (13 bytes)
1724367421.236775 sending message 112 to peer 0x5d8b92f3eca0 (7 bytes)
1724367421.236776 sending message 112 to peer 0x5d8b92f3eca0 (13 bytes)
1724367421.236778 sending message 112 to peer 0x5d8b92f3eca0 (9 bytes)
1724367421.236779 sending message 112 to peer 0x5d8b92f3eca0 (21 bytes)
1724367421.236780 sending message 112 to peer 0x5d8b92f3eca0 (13 bytes)
1724367421.236782 sending message 112 to peer 0x5d8b92f3eca0 (9 bytes)
1724367421.236783 sending message 112 to peer 0x5d8b92f3eca0 (16 bytes)
1724367421.236785 sending message 112 to peer 0x5d8b92f3eca0 (13 bytes)
1724367421.236786 sending message 112 to peer 0x5d8b92f3eca0 (9 bytes)
1724367421.236787 sending message 112 to peer 0x5d8b92f3eca0 (9 bytes)
1724367421.236789 sending message 112 to peer 0x5d8b92f3eca0 (12 bytes)
1724367421.236790 sending message 112 to peer 0x5d8b92f3eca0 (8 bytes)
1724367421.236791 sending message 112 to peer 0x5d8b92f3eca0 (8 bytes)
1724367421.236793 sending message 112 to peer 0x5d8b92f3eca0 (13 bytes)
1724367421.236794 sending message 112 to peer 0x5d8b92f3eca0 (7 bytes)
1724367421.236796 sending message 112 to peer 0x5d8b92f3eca0 (7 bytes)
1724367421.236797 sending message 112 to peer 0x5d8b92f3eca0 (9 bytes)
1724367421.236798 sending message 112 to peer 0x5d8b92f3eca0 (9 bytes)
1724367421.236800 sending message 112 to peer 0x5d8b92f3eca0 (15 bytes)
1724367421.236801 sending message 112 to peer 0x5d8b92f3eca0 (13 bytes)
1724367421.236803 sending message 112 to peer 0x5d8b92f3eca0 (12 bytes)
1724367421.236804 sending message 112 to peer 0x5d8b92f3eca0 (8 bytes)
1724367421.236805 sending message 112 to peer 0x5d8b92f3eca0 (14 bytes)
1724367421.236807 sending message 112 to peer 0x5d8b92f3eca0 (11 bytes)
1724367421.236814 sending message 112 to peer 0x5d8b92f3eca0 (9 bytes)
1724367421.236816 sending message 112 to peer 0x5d8b92f3eca0 (10 bytes)
1724367421.236817 sending message 112 to peer 0x5d8b92f3eca0 (10 bytes)
1724367421.236818 sending message 112 to peer 0x5d8b92f3eca0 (10 bytes)
1724367421.236820 sending message 112 to peer 0x5d8b92f3eca0 (10 bytes)
1724367421.236821 sending message 112 to peer 0x5d8b92f3eca0 (11 bytes)
1724367421.236822 sending message 112 to peer 0x5d8b92f3eca0 (12 bytes)
1724367421.236824 sending message 112 to peer 0x5d8b92f3eca0 (12 bytes)
1724367421.236826 sending message 112 to peer 0x5d8b92f3eca0 (12 bytes)
1724367421.236830 sending message 112 to peer 0x5d8b92f3eca0 (12 bytes)
1724367421.236831 sending message 112 to peer 0x5d8b92f3eca0 (12 bytes)
1724367421.236833 sending message 112 to peer 0x5d8b92f3eca0 (11 bytes)
1724367421.236834 sending message 112 to peer 0x5d8b92f3eca0 (11 bytes)
1724367421.236840 sending message 112 to peer 0x5d8b92f3eca0 (12 bytes)
1724367421.236841 sending message 112 to peer 0x5d8b92f3eca0 (12 bytes)
1724367421.236842 sending message 112 to peer 0x5d8b92f3eca0 (12 bytes)
1724367421.236844 sending message 112 to peer 0x5d8b92f3eca0 (12 bytes)
1724367421.236845 sending message 112 to peer 0x5d8b92f3eca0 (12 bytes)
1724367421.236847 sending message 112 to peer 0x5d8b92f3eca0 (9 bytes)
1724367421.236848 sending message 112 to peer 0x5d8b92f3eca0 (12 bytes)
1724367421.236849 sending message 112 to peer 0x5d8b92f3eca0 (13 bytes)
1724367421.236851 sending message 112 to peer 0x5d8b92f3eca0 (13 bytes)
1724367421.236852 sending message 112 to peer 0x5d8b92f3eca0 (13 bytes)
1724367421.236853 sending message 112 to peer 0x5d8b92f3eca0 (13 bytes)
1724367421.236855 sending message 112 to peer 0x5d8b92f3eca0 (13 bytes)
1724367421.236856 sending message 112 to peer 0x5d8b92f3eca0 (8 bytes)
1724367421.236858 sending message 112 to peer 0x5d8b92f3eca0 (11 bytes)
1724367421.236859 sending message 112 to peer 0x5d8b92f3eca0 (11 bytes)
1724367421.236860 sending message 112 to peer 0x5d8b92f3eca0 (11 bytes)
1724367421.236862 sending message 112 to peer 0x5d8b92f3eca0 (12 bytes)
1724367421.236863 sending message 112 to peer 0x5d8b92f3eca0 (12 bytes)
1724367421.236864 sending message 112 to peer 0x5d8b92f3eca0 (12 bytes)
1724367421.236866 sending message 112 to peer 0x5d8b92f3eca0 (12 bytes)
1724367421.236867 sending message 112 to peer 0x5d8b92f3eca0 (13 bytes)
1724367421.236869 sending message 112 to peer 0x5d8b92f3eca0 (13 bytes)
1724367421.236870 sending message 112 to peer 0x5d8b92f3eca0 (13 bytes)
1724367421.236871 sending message 112 to peer 0x5d8b92f3eca0 (8 bytes)
1724367421.236873 sending message 112 to peer 0x5d8b92f3eca0 (13 bytes)
1724367421.236874 sending message 112 to peer 0x5d8b92f3eca0 (13 bytes)
1724367421.236875 sending message 112 to peer 0x5d8b92f3eca0 (13 bytes)
1724367421.236877 sending message 112 to peer 0x5d8b92f3eca0 (13 bytes)
1724367421.236878 sending message 112 to peer 0x5d8b92f3eca0 (13 bytes)
1724367421.236879 sending message 112 to peer 0x5d8b92f3eca0 (12 bytes)
1724367421.236881 sending message 112 to peer 0x5d8b92f3eca0 (12 bytes)
1724367421.236882 sending message 112 to peer 0x5d8b92f3eca0 (12 bytes)
1724367421.236884 sending message 112 to peer 0x5d8b92f3eca0 (12 bytes)
1724367421.236885 sending message 112 to peer 0x5d8b92f3eca0 (13 bytes)
1724367421.236886 sending message 112 to peer 0x5d8b92f3eca0 (8 bytes)
1724367421.236888 sending message 112 to peer 0x5d8b92f3eca0 (13 bytes)
1724367421.236889 sending message 112 to peer 0x5d8b92f3eca0 (13 bytes)
1724367421.236890 sending message 112 to peer 0x5d8b92f3eca0 (13 bytes)
1724367421.236892 sending message 112 to peer 0x5d8b92f3eca0 (13 bytes)
1724367421.236893 sending message 112 to peer 0x5d8b92f3eca0 (13 bytes)
1724367421.236895 sending message 112 to peer 0x5d8b92f3eca0 (13 bytes)
1724367421.236896 sending message 112 to peer 0x5d8b92f3eca0 (13 bytes)
1724367421.236897 sending message 112 to peer 0x5d8b92f3eca0 (12 bytes)
1724367421.236899 sending message 112 to peer 0x5d8b92f3eca0 (12 bytes)
1724367421.236902 sending message 112 to peer 0x5d8b92f3eca0 (12 bytes)
1724367421.236904 sending message 112 to peer 0x5d8b92f3eca0 (8 bytes)
1724367421.236905 sending message 112 to peer 0x5d8b92f3eca0 (12 bytes)
1724367421.236907 sending message 112 to peer 0x5d8b92f3eca0 (13 bytes)
1724367421.236908 sending message 112 to peer 0x5d8b92f3eca0 (13 bytes)
1724367421.236909 sending message 112 to peer 0x5d8b92f3eca0 (13 bytes)
1724367421.236911 sending message 112 to peer 0x5d8b92f3eca0 (13 bytes)
1724367421.236912 sending message 112 to peer 0x5d8b92f3eca0 (13 bytes)
1724367421.236914 sending message 112 to peer 0x5d8b92f3eca0 (13 bytes)
1724367421.236915 sending message 112 to peer 0x5d8b92f3eca0 (13 bytes)
1724367421.236916 sending message 112 to peer 0x5d8b92f3eca0 (13 bytes)
1724367421.236918 sending message 112 to peer 0x5d8b92f3eca0 (12 bytes)
1724367421.236919 sending message 112 to peer 0x5d8b92f3eca0 (10 bytes)
1724367421.236920 sending message 112 to peer 0x5d8b92f3eca0 (12 bytes)
1724367421.236922 sending message 112 to peer 0x5d8b92f3eca0 (12 bytes)
1724367421.236923 sending message 112 to peer 0x5d8b92f3eca0 (12 bytes)
1724367421.236925 sending message 112 to peer 0x5d8b92f3eca0 (13 bytes)
1724367421.236926 sending message 112 to peer 0x5d8b92f3eca0 (13 bytes)
1724367421.236927 sending message 112 to peer 0x5d8b92f3eca0 (13 bytes)
1724367421.236929 sending message 112 to peer 0x5d8b92f3eca0 (13 bytes)
1724367421.236930 sending message 112 to peer 0x5d8b92f3eca0 (13 bytes)
1724367421.236931 sending message 112 to peer 0x5d8b92f3eca0 (13 bytes)
1724367421.236933 sending message 112 to peer 0x5d8b92f3eca0 (13 bytes)
1724367421.236934 sending message 112 to peer 0x5d8b92f3eca0 (10 bytes)
1724367421.236936 sending message 112 to peer 0x5d8b92f3eca0 (13 bytes)
1724367421.236937 sending message 112 to peer 0x5d8b92f3eca0 (12 bytes)
1724367421.236938 sending message 112 to peer 0x5d8b92f3eca0 (12 bytes)
1724367421.236940 sending message 112 to peer 0x5d8b92f3eca0 (12 bytes)
1724367421.236941 sending message 112 to peer 0x5d8b92f3eca0 (10 bytes)
1724367421.236942 sending message 112 to peer 0x5d8b92f3eca0 (10 bytes)
1724367421.236944 sending message 112 to peer 0x5d8b92f3eca0 (10 bytes)
1724367421.236945 sending message 112 to peer 0x5d8b92f3eca0 (12 bytes)
1724367421.236946 sending message 112 to peer 0x5d8b92f3eca0 (13 bytes)
1724367421.236948 sending message 112 to peer 0x5d8b92f3eca0 (13 bytes)
1724367421.236949 sending message 112 to peer 0x5d8b92f3eca0 (13 bytes)
1724367421.236950 sending message 112 to peer 0x5d8b92f3eca0 (13 bytes)
1724367421.236952 sending message 112 to peer 0x5d8b92f3eca0 (13 bytes)
1724367421.236953 sending message 112 to peer 0x5d8b92f3eca0 (10 bytes)
1724367421.236954 sending message 112 to peer 0x5d8b92f3eca0 (11 bytes)
1724367421.236956 sending message 112 to peer 0x5d8b92f3eca0 (12 bytes)
1724367421.236957 sending message 112 to peer 0x5d8b92f3eca0 (12 bytes)
1724367421.236959 sending message 112 to peer 0x5d8b92f3eca0 (12 bytes)
1724367421.236960 sending message 112 to peer 0x5d8b92f3eca0 (12 bytes)
1724367421.236961 sending message 112 to peer 0x5d8b92f3eca0 (12 bytes)
1724367421.236963 sending message 112 to peer 0x5d8b92f3eca0 (11 bytes)
1724367421.236964 sending message 112 to peer 0x5d8b92f3eca0 (12 bytes)
1724367421.236965 sending message 112 to peer 0x5d8b92f3eca0 (12 bytes)
1724367421.236967 sending message 112 to peer 0x5d8b92f3eca0 (13 bytes)
1724367421.236968 sending message 112 to peer 0x5d8b92f3eca0 (13 bytes)
1724367421.236969 sending message 112 to peer 0x5d8b92f3eca0 (13 bytes)
1724367421.236971 sending message 112 to peer 0x5d8b92f3eca0 (13 bytes)
1724367421.236972 sending message 112 to peer 0x5d8b92f3eca0 (13 bytes)
1724367421.236973 sending message 112 to peer 0x5d8b92f3eca0 (10 bytes)
1724367421.236975 sending message 112 to peer 0x5d8b92f3eca0 (9 bytes)
1724367421.236976 sending message 112 to peer 0x5d8b92f3eca0 (12 bytes)
1724367421.236978 sending message 112 to peer 0x5d8b92f3eca0 (13 bytes)
1724367421.236979 sending message 112 to peer 0x5d8b92f3eca0 (13 bytes)
1724367421.236982 sending message 112 to peer 0x5d8b92f3eca0 (13 bytes)
1724367421.236984 sending message 112 to peer 0x5d8b92f3eca0 (13 bytes)
1724367421.236985 sending message 112 to peer 0x5d8b92f3eca0 (13 bytes)
1724367421.236987 sending message 112 to peer 0x5d8b92f3eca0 (9 bytes)
1724367421.236988 sending message 112 to peer 0x5d8b92f3eca0 (12 bytes)
1724367421.236989 sending message 112 to peer 0x5d8b92f3eca0 (13 bytes)
1724367421.236991 sending message 112 to peer 0x5d8b92f3eca0 (13 bytes)
1724367421.236992 sending message 112 to peer 0x5d8b92f3eca0 (13 bytes)
1724367421.236993 sending message 112 to peer 0x5d8b92f3eca0 (13 bytes)
1724367421.236995 sending message 112 to peer 0x5d8b92f3eca0 (13 bytes)
1724367421.236996 sending message 112 to peer 0x5d8b92f3eca0 (11 bytes)
1724367421.236998 sending message 112 to peer 0x5d8b92f3eca0 (12 bytes)
1724367421.236999 sending message 112 to peer 0x5d8b92f3eca0 (13 bytes)
1724367421.237000 sending message 112 to peer 0x5d8b92f3eca0 (13 bytes)
1724367421.237002 sending message 112 to peer 0x5d8b92f3eca0 (13 bytes)
1724367421.237003 sending message 112 to peer 0x5d8b92f3eca0 (13 bytes)
1724367421.237004 sending message 112 to peer 0x5d8b92f3eca0 (13 bytes)
1724367421.237006 sending message 112 to peer 0x5d8b92f3eca0 (11 bytes)
1724367421.237007 sending message 112 to peer 0x5d8b92f3eca0 (12 bytes)
1724367421.237009 sending message 112 to peer 0x5d8b92f3eca0 (12 bytes)
1724367421.237010 sending message 112 to peer 0x5d8b92f3eca0 (12 bytes)
1724367421.237011 sending message 112 to peer 0x5d8b92f3eca0 (12 bytes)
1724367421.237013 sending message 112 to peer 0x5d8b92f3eca0 (12 bytes)
1724367421.237014 sending message 112 to peer 0x5d8b92f3eca0 (21 bytes)
1724367421.237016 sending message 112 to peer 0x5d8b92f3eca0 (12 bytes)
1724367421.237017 sending message 112 to peer 0x5d8b92f3eca0 (9 bytes)
1724367421.237019 sending message 112 to peer 0x5d8b92f3eca0 (6 bytes)
1724367421.237020 sending message 112 to peer 0x5d8b92f3eca0 (13 bytes)
1724367421.237021 sending message 112 to peer 0x5d8b92f3eca0 (10 bytes)
1724367421.237023 sending message 112 to peer 0x5d8b92f3eca0 (24 bytes)
1724367421.237024 sending message 112 to peer 0x5d8b92f3eca0 (13 bytes)
1724367421.237026 sending message 112 to peer 0x5d8b92f3eca0 (9 bytes)
1724367421.237027 sending message 112 to peer 0x5d8b92f3eca0 (70 bytes)
1724367421.237028 sending message 112 to peer 0x5d8b92f3eca0 (69 bytes)
1724367421.237030 sending message 112 to peer 0x5d8b92f3eca0 (12 bytes)
1724367421.237031 sending message 112 to peer 0x5d8b92f3eca0 (10 bytes)
1724367421.237033 sending message 112 to peer 0x5d8b92f3eca0 (10 bytes)
1724367421.237034 sending message 112 to peer 0x5d8b92f3eca0 (24 bytes)
1724367421.237036 sending message 112 to peer 0x5d8b92f3eca0 (13 bytes)
1724367421.237037 sending message 112 to peer 0x5d8b92f3eca0 (10 bytes)
1724367421.237039 sending message 112 to peer 0x5d8b92f3eca0 (10 bytes)
1724367421.237040 sending message 112 to peer 0x5d8b92f3eca0 (10 bytes)
1724367421.237041 sending message 112 to peer 0x5d8b92f3eca0 (13 bytes)
1724367421.237043 sending message 112 to peer 0x5d8b92f3eca0 (15 bytes)
1724367421.237044 sending message 112 to peer 0x5d8b92f3eca0 (5 bytes)
1724367421.237046 sending message 104 to peer 0x5d8b92f3eca0 (0 bytes)
1724367421.237048 sending message 110 to peer 0x5d8b92f3eca0 (0 bytes)
1724367421.237050 sending message 107 to peer 0x5d8b92f3eca0 (4 bytes)
1724367421.237051 sending message 105 to peer 0x5d8b92f3eca0 (16 bytes)
1724367421.237053 sending message 105 to peer 0x5d8b92f3eca0 (92 bytes)
1724367421.237054 sending message 105 to peer 0x5d8b92f3eca0 (19 bytes)
1724367421.237055 sending message 105 to peer 0x5d8b92f3eca0 (20 bytes)
1724367421.237057 sending message 105 to peer 0x5d8b92f3eca0 (45 bytes)
1724367421.237058 sending message 105 to peer 0x5d8b92f3eca0 (23 bytes)
1724367421.237060 sending message 105 to peer 0x5d8b92f3eca0 (44 bytes)
1724367421.237061 sending message 105 to peer 0x5d8b92f3eca0 (32 bytes)
1724367421.237063 sending message 105 to peer 0x5d8b92f3eca0 (41 bytes)
1724367421.237066 sending message 105 to peer 0x5d8b92f3eca0 (51 bytes)
1724367421.237068 sending message 105 to peer 0x5d8b92f3eca0 (20 bytes)
1724367421.237069 sending message 105 to peer 0x5d8b92f3eca0 (23 bytes)
1724367421.237071 sending message 105 to peer 0x5d8b92f3eca0 (28 bytes)
1724367421.237072 sending message 105 to peer 0x5d8b92f3eca0 (46 bytes)
1724367421.237073 sending message 105 to peer 0x5d8b92f3eca0 (13 bytes)
1724367421.237075 sending message 105 to peer 0x5d8b92f3eca0 (27 bytes)
1724367421.237077 sending message 105 to peer 0x5d8b92f3eca0 (21 bytes)
1724367421.237078 sending message 105 to peer 0x5d8b92f3eca0 (39 bytes)
1724367421.237079 sending message 105 to peer 0x5d8b92f3eca0 (52 bytes)
1724367421.237081 sending message 105 to peer 0x5d8b92f3eca0 (22 bytes)
1724367421.237082 sending message 105 to peer 0x5d8b92f3eca0 (41 bytes)
1724367421.237084 sending message 105 to peer 0x5d8b92f3eca0 (13 bytes)
1724367421.237085 sending message 105 to peer 0x5d8b92f3eca0 (16 bytes)
1724367421.237087 sending message 105 to peer 0x5d8b92f3eca0 (14 bytes)
1724367421.237088 sending message 105 to peer 0x5d8b92f3eca0 (17 bytes)
1724367421.237090 sending message 105 to peer 0x5d8b92f3eca0 (1817 bytes)
1724367421.237096 sending message 105 to peer 0x5d8b92f3eca0 (33 bytes)
1724367421.237098 sending message 105 to peer 0x5d8b92f3eca0 (140 bytes)
1724367421.237100 sending message 105 to peer 0x5d8b92f3eca0 (17 bytes)
1724367421.237101 sending message 105 to peer 0x5d8b92f3eca0 (86 bytes)
1724367421.237103 sending message 105 to peer 0x5d8b92f3eca0 (34 bytes)
1724367421.237104 sending message 105 to peer 0x5d8b92f3eca0 (23 bytes)
1724367421.237105 sending message 105 to peer 0x5d8b92f3eca0 (20 bytes)
1724367421.237107 sending message 105 to peer 0x5d8b92f3eca0 (32 bytes)
1724367421.237108 sending message 105 to peer 0x5d8b92f3eca0 (10 bytes)
1724367421.237110 sending message 105 to peer 0x5d8b92f3eca0 (30 bytes)
1724367421.237111 sending message 105 to peer 0x5d8b92f3eca0 (11 bytes)
1724367421.237113 sending message 105 to peer 0x5d8b92f3eca0 (8 bytes)
1724367421.237114 sending message 105 to peer 0x5d8b92f3eca0 (35 bytes)
1724367421.237115 sending message 105 to peer 0x5d8b92f3eca0 (18 bytes)
1724367421.237117 sending message 105 to peer 0x5d8b92f3eca0 (31 bytes)
1724367421.237118 sending message 105 to peer 0x5d8b92f3eca0 (47 bytes)
1724367421.237120 sending message 105 to peer 0x5d8b92f3eca0 (102 bytes)
1724367421.237121 sending message 105 to peer 0x5d8b92f3eca0 (143 bytes)
1724367421.237123 sending message 105 to peer 0x5d8b92f3eca0 (18 bytes)
1724367421.237124 sending message 105 to peer 0x5d8b92f3eca0 (54 bytes)
1724367421.237126 sending message 105 to peer 0x5d8b92f3eca0 (16 bytes)
1724367421.237127 sending message 105 to peer 0x5d8b92f3eca0 (18 bytes)
1724367421.237129 sending message 106 to peer 0x5d8b92f3eca0 (0 bytes)
1724367421.237152 sending message 200 to peer 0x5d8b92f3eca0 (4 bytes)
1724367421.237154 client loop enter
1724367421.237161 client_signal: Child exited
1724367421.265773 peer 0x5d8b92f3eca0 message 207
1724367421.265780 sending message 208 to peer 0x5d8b92f3eca0 (0 bytes)
1724367431.732371 peer 0x5d8b92f3eca0 message 203
1724367431.732383 sending message 205 to peer 0x5d8b92f3eca0 (0 bytes)
1724367431.732612 peer 0x5d8b92f3eca0 message 204
1724367431.732619 client loop exit
